빌드 시작: 2015-05-07 오후 5:54:18
     1>2 노드의 "C:\Project\15년1학기_창의과제\EDSDK_project\EDSDK_project\cameraControl\cameraControl.vcxproj" 프로젝트(Build 대상)입니다.
     1>Link:
         C:\Program Files (x86)\Microsoft Visual Studio 12.0\VC\bin\link.exe /ERRORREPORT:PROMPT /OUT:"C:\Project\15년1학기_창의과제\EDSDK_project\EDSDK_project\Debug\cameraControl.exe" /INCREMENTAL /NOLOGO kernel32.lib user32.lib gdi32.lib winspool.lib comdlg32.lib advapi32.lib shell32.lib ole32.lib oleaut32.lib uuid.lib odbc32.lib odbccp32.lib /MANIFEST /MANIFESTUAC:"level='asInvoker' uiAccess='false'" /manifest:embed /DEBUG /PDB:"C:\Project\15년1학기_창의과제\EDSDK_project\EDSDK_project\Debug\cameraControl.pdb" /SUBSYSTEM:CONSOLE /TLBID:1 /DYNAMICBASE /NXCOMPAT /IMPLIB:"C:\Project\15년1학기_창의과제\EDSDK_project\EDSDK_project\Debug\cameraControl.lib" /MACHINE:X86 Debug\camera_control.obj
     1>camera_control.obj : error LNK2019: __imp__EdsInitializeSDK@0 외부 기호(참조 위치: _main 함수)에서 확인하지 못했습니다.
     1>camera_control.obj : error LNK2019: __imp__EdsTerminateSDK@0 외부 기호(참조 위치: _main 함수)에서 확인하지 못했습니다.
     1>camera_control.obj : error LNK2019: __imp__EdsRelease@4 외부 기호(참조 위치: _main 함수)에서 확인하지 못했습니다.
     1>camera_control.obj : error LNK2019: __imp__EdsGetChildCount@8 외부 기호(참조 위치: _main 함수)에서 확인하지 못했습니다.
     1>camera_control.obj : error LNK2019: __imp__EdsGetChildAtIndex@12 외부 기호(참조 위치: _main 함수)에서 확인하지 못했습니다.
     1>camera_control.obj : error LNK2019: __imp__EdsGetCameraList@4 외부 기호(참조 위치: _main 함수)에서 확인하지 못했습니다.
     1>camera_control.obj : error LNK2019: __imp__EdsOpenSession@4 외부 기호(참조 위치: _main 함수)에서 확인하지 못했습니다.
     1>camera_control.obj : error LNK2019: __imp__EdsCloseSession@4 외부 기호(참조 위치: _main 함수)에서 확인하지 못했습니다.
     1>camera_control.obj : error LNK2019: __imp__EdsSendCommand@12 외부 기호(참조 위치: _main 함수)에서 확인하지 못했습니다.
     1>C:\Project\15년1학기_창의과제\EDSDK_project\EDSDK_project\Debug\cameraControl.exe : fatal error LNK1120: 9개의 확인할 수 없는 외부 참조입니다.
     1>"C:\Project\15년1학기_창의과제\EDSDK_project\EDSDK_project\cameraControl\cameraControl.vcxproj" 프로젝트를 빌드했습니다(Build 대상). - 실패

빌드하지 못했습니다.

경과 시간: 00:00:01.02
